<?xml version="1.0" encoding="UTF-8"?>
<!-- Generated by org.testng.reporters.JUnitReportReporter -->
<testsuite hostname="MSI" failures="0" tests="4" name="TestNG.Automation" time="100.275" errors="0" timestamp="2022-10-12T10:12:14 IST" skipped="0">
  <testcase classname="TestNG.Automation" name="LaunchFirefox" time="4.008"/>
  <testcase classname="TestNG.Automation" name="LaunchChrome" time="2.029"/>
  <testcase classname="TestNG.Automation" name="f" time="30.329"/>
  <testcase classname="TestNG.Automation" name="firefox" time="63.909"/>
</testsuite> <!-- TestNG.Automation -->
